info it worked if it ends with ok
verbose cli [ 'node', '/usr/bin/npm', 'install', 'generator-webapp' ]
info using npm@1.1.4
info using node@v0.6.12
verbose config file /root/.npmrc
verbose config file /usr/etc/npmrc
verbose config file /usr/share/npm/npmrc
verbose caching /usr/local/google/home/addyo/projects/generator-mobile/generator-mobile/package.json
verbose loadDefaults generator-mobile@0.0.1
verbose caching /usr/local/google/home/addyo/projects/generator-mobile/generator-mobile/node_modules/mocha/package.json
verbose caching /usr/local/google/home/addyo/projects/generator-mobile/generator-mobile/node_modules/cheerio/package.json
verbose from cache /usr/local/google/home/addyo/projects/generator-mobile/generator-mobile/package.json
verbose readDependencies: using package.json deps
verbose cache add [ 'generator-webapp', null ]
silly cache add: name, spec, args [ undefined, 'generator-webapp', [ 'generator-webapp', null ] ]
verbose parsed url { pathname: 'generator-webapp',
verbose parsed url   path: 'generator-webapp',
verbose parsed url   href: 'generator-webapp' }
verbose addNamed [ 'generator-webapp', '' ]
verbose addNamed [ null, '' ]
silly name, range, hasData [ 'generator-webapp', '', false ]
verbose raw, before any munging generator-webapp
verbose url resolving [ 'https://registry.npmjs.org/', './generator-webapp' ]
verbose url resolved https://registry.npmjs.org/generator-webapp
http GET https://registry.npmjs.org/generator-webapp
http 200 https://registry.npmjs.org/generator-webapp
silly get cb [ 200,
silly get cb   { vary: 'Accept',
silly get cb     server: 'CouchDB/1.3.0 (Erlang OTP/R15B03)',
silly get cb     etag: '"3RINQTIXZNZLLII8DGTH6KOK6"',
silly get cb     date: 'Thu, 11 Jul 2013 09:11:28 GMT',
silly get cb     'content-type': 'application/json',
silly get cb     'content-length': '30792' } ]
verbose mkdir (expected) error ENOENT, no such file or directory '/root/.npm/generator-webapp'
verbose mkdir done: /root/.npm/generator-webapp 755
silly name, range, hasData 2 [ 'generator-webapp', '', true ]
silly versions [ 'generator-webapp', [] ]
ERR! Error: No compatible version found: generator-webapp
ERR! No valid targets found.
ERR! Perhaps not compatible with your version of node?
ERR!     at installTargetsError (/usr/share/npm/lib/cache.js:488:10)
ERR!     at next_ (/usr/share/npm/lib/cache.js:438:17)
ERR!     at next (/usr/share/npm/lib/cache.js:415:44)
ERR!     at /usr/share/npm/lib/cache.js:408:5
ERR!     at saved (/usr/share/npm/lib/utils/npm-registry-client/get.js:147:7)
ERR!     at Object.oncomplete (/usr/lib/nodejs/graceful-fs.js:230:7)
ERR! You may report this log at:
ERR!     <http://bugs.debian.org/npm>
ERR! or use
ERR!     reportbug --attach /usr/local/google/home/addyo/projects/generator-mobile/generator-mobile/npm-debug.log npm
ERR! 
ERR! System Linux 3.2.5-gg1236
ERR! command "node" "/usr/bin/npm" "install" "generator-webapp"
ERR! cwd /usr/local/google/home/addyo/projects/generator-mobile/generator-mobile
ERR! node -v v0.6.12
ERR! npm -v 1.1.4
ERR! message No compatible version found: generator-webapp
ERR! message No valid targets found.
ERR! message Perhaps not compatible with your version of node?
verbose exit [ 1, true ]
